time="2023-04-03T00:03:01+03:00" level=info msg="create router" func="main.main()" file="app.go:14"
time="2023-04-03T00:03:01+03:00" level=info msg="register user handler" func="main.main()" file="app.go:17"
time="2023-04-03T00:03:01+03:00" level=info msg="start application" func="main.start()" file="app.go:26"
time="2023-04-03T00:03:01+03:00" level=info msg="server is listening port 0.0.0.0:1234" func="main.start()" file="app.go:38"
time="2023-04-03T00:54:40+03:00" level=info msg="create router" func="main.main()" file="app.go:15"
time="2023-04-03T00:54:40+03:00" level=info msg="register user handler" func="main.main()" file="app.go:18"
time="2023-04-03T00:54:40+03:00" level=info msg="start application" func="main.start()" file="app.go:27"
time="2023-04-03T00:54:40+03:00" level=info msg="server is listening port 0.0.0.0:1234" func="main.start()" file="app.go:39"
time="2023-04-03T00:55:27+03:00" level=info msg="create router" func="main.main()" file="app.go:15"
time="2023-04-03T00:55:27+03:00" level=info msg="register user handler" func="main.main()" file="app.go:18"
time="2023-04-03T00:55:27+03:00" level=info msg="start application" func="main.start()" file="app.go:27"
time="2023-04-03T00:55:27+03:00" level=info msg="server is listening port 0.0.0.0:1234" func="main.start()" file="app.go:39"
time="2023-04-03T00:56:57+03:00" level=info msg="create router" func="main.main()" file="app.go:15"
time="2023-04-03T00:56:57+03:00" level=info msg="register user handler" func="main.main()" file="app.go:18"
time="2023-04-03T00:56:57+03:00" level=info msg="start application" func="main.start()" file="app.go:27"
time="2023-04-03T00:56:57+03:00" level=info msg="server is listening port 0.0.0.0:1234" func="main.start()" file="app.go:39"
time="2023-04-03T00:59:42+03:00" level=info msg="create router" func="main.main()" file="app.go:15"
time="2023-04-03T00:59:42+03:00" level=info msg="register user handler" func="main.main()" file="app.go:18"
time="2023-04-03T00:59:42+03:00" level=info msg="start application" func="main.start()" file="app.go:27"
time="2023-04-03T00:59:42+03:00" level=info msg="server is listening port 0.0.0.0:1234" func="main.start()" file="app.go:39"
time="2023-04-03T01:31:21+03:00" level=info msg="create router" func="main.main()" file="app.go:20"
time="2023-04-03T01:31:21+03:00" level=info msg="read application configuration" func="APIgolang/internal/config.GetConfig.func1()" file="config.go:24"
time="2023-04-03T01:31:21+03:00" level=info msg="register user handler" func="main.main()" file="app.go:25"
time="2023-04-03T01:31:21+03:00" level=info msg="start application" func="main.start()" file="app.go:34"
time="2023-04-03T01:31:21+03:00" level=info msg="listen tcp" func="main.start()" file="app.go:51"
time="2023-04-03T01:31:21+03:00" level=info msg="server is listening port 0.0.0.0:10000" func="main.start()" file="app.go:63"
time="2023-04-03T01:32:26+03:00" level=info msg="create router" func="main.main()" file="app.go:20"
time="2023-04-03T01:32:26+03:00" level=info msg="read application configuration" func="APIgolang/internal/config.GetConfig.func1()" file="config.go:24"
time="2023-04-03T01:32:26+03:00" level=info msg="register user handler" func="main.main()" file="app.go:25"
time="2023-04-03T01:32:26+03:00" level=info msg="start application" func="main.start()" file="app.go:34"
time="2023-04-03T01:32:26+03:00" level=info msg="listen tcp" func="main.start()" file="app.go:51"
time="2023-04-03T01:32:26+03:00" level=info msg="server is listening port 0.0.0.0:8080" func="main.start()" file="app.go:63"
time="2023-04-03T01:36:12+03:00" level=info msg="create router" func="main.main()" file="app.go:20"
time="2023-04-03T01:36:12+03:00" level=info msg="read application configuration" func="APIgolang/internal/config.GetConfig.func1()" file="config.go:24"
time="2023-04-03T01:36:12+03:00" level=info msg="register user handler" func="main.main()" file="app.go:25"
time="2023-04-03T01:36:12+03:00" level=info msg="start application" func="main.start()" file="app.go:34"
time="2023-04-03T01:36:12+03:00" level=info msg="listen tcp" func="main.start()" file="app.go:53"
time="2023-04-03T01:36:12+03:00" level=info msg="server is listening port 0.0.0.0:8080" func="main.start()" file="app.go:55"
time="2023-04-03T01:36:56+03:00" level=info msg="create router" func="main.main()" file="app.go:20"
time="2023-04-03T01:36:56+03:00" level=info msg="read application configuration" func="APIgolang/internal/config.GetConfig.func1()" file="config.go:24"
time="2023-04-03T01:36:56+03:00" level=info msg="register user handler" func="main.main()" file="app.go:25"
time="2023-04-03T01:36:56+03:00" level=info msg="start application" func="main.start()" file="app.go:34"
time="2023-04-03T01:36:56+03:00" level=info msg="listen tcp" func="main.start()" file="app.go:53"
time="2023-04-03T01:36:56+03:00" level=info msg="server is listening port :" func="main.start()" file="app.go:55"
time="2023-04-03T01:38:25+03:00" level=info msg="create router" func="main.main()" file="app.go:20"
time="2023-04-03T01:38:25+03:00" level=info msg="read application configuration" func="APIgolang/internal/config.GetConfig.func1()" file="config.go:24"
time="2023-04-03T01:38:25+03:00" level=info msg="register user handler" func="main.main()" file="app.go:25"
time="2023-04-03T01:38:25+03:00" level=info msg="start application" func="main.start()" file="app.go:34"
time="2023-04-03T01:38:25+03:00" level=info msg="detect app path" func="main.start()" file="app.go:40"
time="2023-04-03T01:38:25+03:00" level=info msg="create socket" func="main.start()" file="app.go:45"
time="2023-04-03T01:38:25+03:00" level=debug msg="socket path: C:\\Users\\preeb\\OneDrive\\Рабочий стол\\restAPI_go\\build/app.sock" func="main.start()" file="app.go:47"
time="2023-04-03T01:38:25+03:00" level=info msg="listen unix socket" func="main.start()" file="app.go:49"
time="2023-04-03T01:38:25+03:00" level=info msg="server is listening unix socket: C:\\Users\\preeb\\OneDrive\\Рабочий стол\\restAPI_go\\build/app.sock" func="main.start()" file="app.go:51"
time="2023-04-03T18:44:44+03:00" level=info msg="create router" func="main.main()" file="app.go:22"
time="2023-04-03T18:44:44+03:00" level=info msg="read application configuration" func="APIgolang/internal/config.GetConfig.func1()" file="config.go:33"
time="2023-04-03T18:44:44+03:00" level=debug msg="create user" func="APIgolang/internal/user/db.(*db).Create()" file="mongodb.go:28"
time="2023-04-03T18:44:44+03:00" level=debug msg="convert InsertedID to ObjID" func="APIgolang/internal/user/db.(*db).Create()" file="mongodb.go:34"
time="2023-04-03T18:44:44+03:00" level=info msg=642af46c2f57b342fca60932 func="main.main()" file="app.go:45"
time="2023-04-03T18:44:44+03:00" level=info msg="register user handler" func="main.main()" file="app.go:47"
time="2023-04-03T18:44:44+03:00" level=info msg="start application" func="main.start()" file="app.go:56"
time="2023-04-03T18:44:44+03:00" level=info msg="detect app path" func="main.start()" file="app.go:62"
time="2023-04-03T18:44:44+03:00" level=info msg="create socket" func="main.start()" file="app.go:67"
time="2023-04-03T18:44:44+03:00" level=debug msg="socket path: C:\\Users\\preeb\\OneDrive\\Рабочий стол\\restAPI_go\\build/app.sock" func="main.start()" file="app.go:69"
time="2023-04-03T18:44:44+03:00" level=info msg="listen unix socket" func="main.start()" file="app.go:71"
time="2023-04-03T18:44:44+03:00" level=info msg="server is listening unix socket: C:\\Users\\preeb\\OneDrive\\Рабочий стол\\restAPI_go\\build/app.sock" func="main.start()" file="app.go:73"
time="2023-04-03T18:44:44+03:00" level=fatal msg="listen unix C:\\Users\\preeb\\OneDrive\\Рабочий стол\\restAPI_go\\build/app.sock: bind: Only one usage of each socket address (protocol/network address/port) is normally permitted." func="main.start()" file="app.go:80"
time="2023-04-03T18:45:12+03:00" level=info msg="create router" func="main.main()" file="app.go:22"
time="2023-04-03T18:45:12+03:00" level=info msg="read application configuration" func="APIgolang/internal/config.GetConfig.func1()" file="config.go:33"
time="2023-04-03T18:45:12+03:00" level=debug msg="create user" func="APIgolang/internal/user/db.(*db).Create()" file="mongodb.go:28"
time="2023-04-03T18:45:12+03:00" level=debug msg="convert InsertedID to ObjID" func="APIgolang/internal/user/db.(*db).Create()" file="mongodb.go:34"
time="2023-04-03T18:45:12+03:00" level=info msg=642af4889002a89f9da910df func="main.main()" file="app.go:45"
time="2023-04-03T18:45:12+03:00" level=info msg="register user handler" func="main.main()" file="app.go:47"
time="2023-04-03T18:45:12+03:00" level=info msg="start application" func="main.start()" file="app.go:56"
time="2023-04-03T18:45:12+03:00" level=info msg="listen tcp" func="main.start()" file="app.go:75"
time="2023-04-03T18:45:12+03:00" level=info msg="server is listening port :" func="main.start()" file="app.go:77"
time="2023-04-03T19:03:56+03:00" level=info msg="create router" func="main.main()" file="app.go:22"
time="2023-04-03T19:03:56+03:00" level=info msg="read application configuration" func="APIgolang/internal/config.GetConfig.func1()" file="config.go:33"
time="2023-04-03T19:03:57+03:00" level=info msg="register user handler" func="main.main()" file="app.go:38"
time="2023-04-03T19:03:57+03:00" level=info msg="start application" func="main.start()" file="app.go:47"
time="2023-04-03T19:03:57+03:00" level=info msg="listen tcp" func="main.start()" file="app.go:66"
time="2023-04-03T19:03:57+03:00" level=info msg="server is listening port :" func="main.start()" file="app.go:68"
time="2023-04-05T22:45:11+03:00" level=info msg="create router" func="main.main()" file="app.go:19"
time="2023-04-05T22:45:11+03:00" level=info msg="read application configuration" func="APIgolang/internal/config.GetConfig.func1()" file="config.go:33"
time="2023-04-05T22:45:11+03:00" level=info msg="register user handler" func="main.main()" file="app.go:32"
time="2023-04-05T22:45:11+03:00" level=info msg="start application" func="main.start()" file="app.go:41"
time="2023-04-05T22:45:11+03:00" level=info msg="listen tcp" func="main.start()" file="app.go:60"
time="2023-04-05T22:45:11+03:00" level=info msg="server is listening port :10000" func="main.start()" file="app.go:62"
time="2023-04-05T22:47:48+03:00" level=info msg="create router" func="main.main()" file="app.go:19"
time="2023-04-05T22:47:48+03:00" level=info msg="read application configuration" func="APIgolang/internal/config.GetConfig.func1()" file="config.go:33"
time="2023-04-05T22:47:48+03:00" level=info msg="register user handler" func="main.main()" file="app.go:32"
time="2023-04-05T22:47:48+03:00" level=info msg="start application" func="main.start()" file="app.go:41"
time="2023-04-05T22:47:48+03:00" level=info msg="listen tcp" func="main.start()" file="app.go:60"
time="2023-04-05T22:47:48+03:00" level=info msg="server is listening port :10000" func="main.start()" file="app.go:62"
time="2023-04-05T22:48:03+03:00" level=info msg="create router" func="main.main()" file="app.go:19"
time="2023-04-05T22:48:03+03:00" level=info msg="read application configuration" func="APIgolang/internal/config.GetConfig.func1()" file="config.go:33"
time="2023-04-05T22:48:03+03:00" level=info msg="register user handler" func="main.main()" file="app.go:32"
time="2023-04-05T22:48:03+03:00" level=info msg="start application" func="main.start()" file="app.go:41"
time="2023-04-05T22:48:03+03:00" level=info msg="listen tcp" func="main.start()" file="app.go:60"
time="2023-04-05T22:48:03+03:00" level=info msg="server is listening port :10000" func="main.start()" file="app.go:62"
time="2023-04-05T22:55:24+03:00" level=info msg="create router" func="main.main()" file="app.go:19"
time="2023-04-05T22:55:24+03:00" level=info msg="read application configuration" func="APIgolang/internal/config.GetConfig.func1()" file="config.go:33"
time="2023-04-05T22:55:24+03:00" level=info msg="register user handler" func="main.main()" file="app.go:32"
time="2023-04-05T22:55:24+03:00" level=info msg="start application" func="main.start()" file="app.go:41"
time="2023-04-05T22:55:24+03:00" level=info msg="listen tcp" func="main.start()" file="app.go:60"
time="2023-04-05T22:55:24+03:00" level=info msg="server is listening port :10000" func="main.start()" file="app.go:62"
